<?xml version="1.0" encoding="UTF-8"?>
<coverage generated="1629058733070" clover="3.2.0">
  <project timestamp="1629058733070" name="All files">
    <metrics statements="28" coveredstatements="14" conditionals="0" coveredconditionals="0" methods="14" coveredmethods="5" elements="42" coveredelements="19" complexity="0" loc="28" ncloc="28" packages="1" files="6" classes="6"/>
    <file name="Answer.jsx" path="/home/bofowzi/Documents/rpp29/fec/api/client/src/components/QandA/Answer.jsx">
      <metrics statements="2" coveredstatements="1" conditionals="0" coveredconditionals="0" methods="1" coveredmethods="0"/>
      <line num="3" count="1" type="stmt"/>
      <line num="4" count="0" type="stmt"/>
    </file>
    <file name="QandA.jsx" path="/home/bofowzi/Documents/rpp29/fec/api/client/src/components/QandA/QandA.jsx">
      <metrics statements="16" coveredstatements="7" conditionals="0" coveredconditionals="0" methods="6" coveredmethods="2"/>
      <line num="12" count="3" type="stmt"/>
      <line num="13" count="3" type="stmt"/>
      <line num="16" count="3" type="stmt"/>
      <line num="17" count="3" type="stmt"/>
      <line num="18" count="3" type="stmt"/>
      <line num="19" count="3" type="stmt"/>
      <line num="23" count="0" type="stmt"/>
      <line num="29" count="0" type="stmt"/>
      <line num="31" count="0" type="stmt"/>
      <line num="35" count="0" type="stmt"/>
      <line num="39" count="0" type="stmt"/>
      <line num="45" count="0" type="stmt"/>
      <line num="46" count="0" type="stmt"/>
      <line num="50" count="0" type="stmt"/>
      <line num="51" count="0" type="stmt"/>
      <line num="56" count="3" type="stmt"/>
    </file>
    <file name="Question.jsx" path="/home/bofowzi/Documents/rpp29/fec/api/client/src/components/QandA/Question.jsx">
      <metrics statements="3" coveredstatements="1" conditionals="0" coveredconditionals="0" methods="2" coveredmethods="0"/>
      <line num="4" count="1" type="stmt"/>
      <line num="5" count="0" type="stmt"/>
      <line num="9" count="0" type="stmt"/>
    </file>
    <file name="QuestionList.jsx" path="/home/bofowzi/Documents/rpp29/fec/api/client/src/components/QandA/QuestionList.jsx">
      <metrics statements="3" coveredstatements="3" conditionals="0" coveredconditionals="0" methods="3" coveredmethods="3"/>
      <line num="7" count="1" type="stmt"/>
      <line num="11" count="1" type="stmt"/>
      <line num="14" count="2" type="stmt"/>
    </file>
    <file name="SearchQuestion.jsx" path="/home/bofowzi/Documents/rpp29/fec/api/client/src/components/QandA/SearchQuestion.jsx">
      <metrics statements="2" coveredstatements="1" conditionals="0" coveredconditionals="0" methods="1" coveredmethods="0"/>
      <line num="3" count="1" type="stmt"/>
      <line num="4" count="0" type="stmt"/>
    </file>
    <file name="TwoButtons.jsx" path="/home/bofowzi/Documents/rpp29/fec/api/client/src/components/QandA/TwoButtons.jsx">
      <metrics statements="2" coveredstatements="1" conditionals="0" coveredconditionals="0" methods="1" coveredmethods="0"/>
      <line num="3" count="1" type="stmt"/>
      <line num="4" count="0" type="stmt"/>
    </file>
  </project>
</coverage>
